<?xml version="1.0" encoding="UTF-8"?>
<!-- Generated by org.testng.reporters.JUnitXMLReporter -->
<testsuite ignored="0" hostname="Preyal" failures="0" tests="6" name="Default test" time="56.342" errors="0" timestamp="2021-05-21T05:03:56 GMT-04:00">
  <testcase classname="simpleregistration.FormPractice" name="NC1" time="2.094"/>
  <testcase classname="simpleregistration.FormPractice" name="NC2" time="2.292"/>
  <testcase classname="simpleregistration.FormPractice" name="NC3" time="2.233"/>
  <testcase classname="simpleregistration.FormPractice" name="NC4" time="1.65"/>
  <testcase classname="simpleregistration.FormPractice" name="NC5" time="2.3"/>
  <testcase classname="simpleregistration.FormPractice" name="NC6" time="2.822"/>
</testsuite> <!-- Default test -->
